This is e-upTeX, Version 3.14159265-p3.7.1-u1.22-161114-2.6 (utf8.uptex) (TeX Live 2017/Debian) (preloaded format=uplatex 2019.2.12)  7 MAR 2019 20:08
entering extended mode
 restricted \write18 enabled.
 %&-line parsing enabled.
**jpdoc.tex
(./jpdoc.tex
pLaTeX2e <2017/10/28u01>+4 (based on LaTeX2e <2017-04-15>)
Babel <3.18> and hyphenation patterns for 39 language(s) loaded.
(/usr/share/texlive/texmf-dist/tex/latex/ctex/ctexrep.cls
(/usr/share/texlive/texmf-dist/tex/latex/l3kernel/expl3.sty
Package: expl3 2018/02/21 L3 programming layer (loader) 

(/usr/share/texlive/texmf-dist/tex/latex/l3kernel/expl3-code.tex
Package: expl3 2018/02/21 L3 programming layer (code)
\c_max_int=\count82
\l_tmpa_int=\count83
\l_tmpb_int=\count84
\g_tmpa_int=\count85
\g_tmpb_int=\count86
\g__intarray_font_int=\count87
\g__prg_map_int=\count88
\c_log_iow=\count89
\l_iow_line_count_int=\count90
\l__iow_line_target_int=\count91
\l__iow_one_indent_int=\count92
\l__iow_indent_int=\count93
\c_zero_dim=\dimen118
\c_max_dim=\dimen119
\l_tmpa_dim=\dimen120
\l_tmpb_dim=\dimen121
\g_tmpa_dim=\dimen122
\g_tmpb_dim=\dimen123
\c_zero_skip=\skip41
\c_max_skip=\skip42
\l_tmpa_skip=\skip43
\l_tmpb_skip=\skip44
\g_tmpa_skip=\skip45
\g_tmpb_skip=\skip46
\c_zero_muskip=\muskip10
\c_max_muskip=\muskip11
\l_tmpa_muskip=\muskip12
\l_tmpb_muskip=\muskip13
\g_tmpa_muskip=\muskip14
\g_tmpb_muskip=\muskip15
\l_keys_choice_int=\count94
\c__fp_leading_shift_int=\count95
\c__fp_middle_shift_int=\count96
\c__fp_trailing_shift_int=\count97
\c__fp_big_leading_shift_int=\count98
\c__fp_big_middle_shift_int=\count99
\c__fp_big_trailing_shift_int=\count100
\c__fp_Bigg_leading_shift_int=\count101
\c__fp_Bigg_middle_shift_int=\count102
\c__fp_Bigg_trailing_shift_int=\count103
\c__fp_rand_size_int=\count104
\c__fp_rand_four_int=\count105
\c__fp_rand_eight_int=\count106
\l__sort_length_int=\count107
\l__sort_min_int=\count108
\l__sort_top_int=\count109
\l__sort_max_int=\count110
\l__sort_true_max_int=\count111
\l__sort_block_int=\count112
\l__sort_begin_int=\count113
\l__sort_end_int=\count114
\l__sort_A_int=\count115
\l__sort_B_int=\count116
\l__sort_C_int=\count117
\l__tl_build_start_index_int=\count118
\l__tl_build_index_int=\count119
\l__tl_analysis_normal_int=\count120
\l__tl_analysis_index_int=\count121
\l__tl_analysis_nesting_int=\count122
\l__tl_analysis_type_int=\count123
\l__regex_internal_a_int=\count124
\l__regex_internal_b_int=\count125
\l__regex_internal_c_int=\count126
\l__regex_balance_int=\count127
\l__regex_group_level_int=\count128
\l__regex_mode_int=\count129
\c__regex_cs_in_class_mode_int=\count130
\c__regex_cs_mode_int=\count131
\l__regex_catcodes_int=\count132
\l__regex_default_catcodes_int=\count133
\c__regex_catcode_L_int=\count134
\c__regex_catcode_O_int=\count135
\c__regex_catcode_A_int=\count136
\c__regex_all_catcodes_int=\count137
\l__regex_show_lines_int=\count138
\l__regex_min_state_int=\count139
\l__regex_max_state_int=\count140
\l__regex_left_state_int=\count141
\l__regex_right_state_int=\count142
\l__regex_capturing_group_int=\count143
\l__regex_min_pos_int=\count144
\l__regex_max_pos_int=\count145
\l__regex_curr_pos_int=\count146
\l__regex_start_pos_int=\count147
\l__regex_success_pos_int=\count148
\l__regex_curr_char_int=\count149
\l__regex_curr_catcode_int=\count150
\l__regex_last_char_int=\count151
\l__regex_case_changed_char_int=\count152
\l__regex_curr_state_int=\count153
\l__regex_step_int=\count154
\l__regex_min_active_int=\count155
\l__regex_max_active_int=\count156
\l__regex_replacement_csnames_int=\count157
\l__regex_match_count_int=\count158
\l__regex_min_submatch_int=\count159
\l__regex_submatch_int=\count160
\l__regex_zeroth_submatch_int=\count161
\g__regex_trace_regex_int=\count162
\c_empty_box=\box42
\l_tmpa_box=\box43
\l_tmpb_box=\box44
\g_tmpa_box=\box45
\g_tmpb_box=\box46
\l__box_top_dim=\dimen124
\l__box_bottom_dim=\dimen125
\l__box_left_dim=\dimen126
\l__box_right_dim=\dimen127
\l__box_top_new_dim=\dimen128
\l__box_bottom_new_dim=\dimen129
\l__box_left_new_dim=\dimen130
\l__box_right_new_dim=\dimen131
\l__box_internal_box=\box47
\l__coffin_internal_box=\box48
\l__coffin_internal_dim=\dimen132
\l__coffin_offset_x_dim=\dimen133
\l__coffin_offset_y_dim=\dimen134
\l__coffin_x_dim=\dimen135
\l__coffin_y_dim=\dimen136
\l__coffin_x_prime_dim=\dimen137
\l__coffin_y_prime_dim=\dimen138
\c_empty_coffin=\box49
\l__coffin_aligned_coffin=\box50
\l__coffin_aligned_internal_coffin=\box51
\l_tmpa_coffin=\box52
\l_tmpb_coffin=\box53
\l__coffin_display_coffin=\box54
\l__coffin_display_coord_coffin=\box55
\l__coffin_display_pole_coffin=\box56
\l__coffin_display_offset_dim=\dimen139
\l__coffin_display_x_dim=\dimen140
\l__coffin_display_y_dim=\dimen141
\l__coffin_bounding_shift_dim=\dimen142
\l__coffin_left_corner_dim=\dimen143
\l__coffin_right_corner_dim=\dimen144
\l__coffin_bottom_corner_dim=\dimen145
\l__coffin_top_corner_dim=\dimen146
\l__coffin_scaled_total_height_dim=\dimen147
\l__coffin_scaled_width_dim=\dimen148
)
(/usr/share/texlive/texmf-dist/tex/latex/l3kernel/l3dvipdfmx.def
File: l3dvidpfmx.def 2017/03/18 v L3 Experimental driver: dvipdfmx
\g__driver_image_int=\count163
\l__driver_tmp_box=\box57
))
Document Class: ctexrep 2018/01/28 v2.4.12 Chinese adapter for class report (CT
EX)
(/usr/share/texlive/texmf-dist/tex/latex/l3packages/xparse/xparse.sty
Package: xparse 2018/02/21 L3 Experimental document command parser
\l__xparse_current_arg_int=\count164
\g__xparse_grabber_int=\count165
\l__xparse_m_args_int=\count166
\l__xparse_mandatory_args_int=\count167
\l__xparse_v_nesting_int=\count168
)
(/usr/share/texlive/texmf-dist/tex/latex/l3packages/l3keys2e/l3keys2e.sty
Package: l3keys2e 2018/02/21 LaTeX2e option processing using LaTeX3 keys
)
\g__file_internal_ior=\read1

(/usr/share/texlive/texmf-dist/tex/latex/ctex/ctexhook.sty
Package: ctexhook 2018/01/28 v2.4.12 Document and package hooks (CTEX)
)
(/usr/share/texlive/texmf-dist/tex/latex/ctex/ctexpatch.sty
Package: ctexpatch 2018/01/28 v2.4.12 Patching commands (CTEX)
)
(/usr/share/texlive/texmf-dist/tex/latex/base/fix-cm.sty
Package: fix-cm 2015/01/14 v1.1t fixes to LaTeX

(/usr/share/texlive/texmf-dist/tex/latex/base/ts1enc.def
File: ts1enc.def 2001/06/05 v3.0e (jk/car/fm) Standard LaTeX file
))
(/usr/share/texlive/texmf-dist/tex/latex/ms/everysel.sty
Package: everysel 2011/10/28 v1.2 EverySelectfont Package (MS)
)
\l__ctex_tmp_int=\count169
\l__ctex_tmp_box=\box58
\l__ctex_tmp_dim=\dimen149
\g__ctex_font_size_flag=\count170

(/usr/share/texlive/texmf-dist/tex/latex/ctex/config/ctexopts.cfg
File: ctexopts.cfg 2018/01/28 v2.4.12 Option configuration file (CTEX)
)
(/usr/share/texlive/texmf-dist/tex/latex/base/report.cls
Document Class: report 2014/09/29 v1.4h Standard LaTeX document class
(/usr/share/texlive/texmf-dist/tex/latex/base/size12.clo
File: size12.clo 2014/09/29 v1.4h Standard LaTeX file (size option)
LaTeX Font Info:    Font shape `JT2/mc/m/n' will be
(Font)              scaled to size 11.54663pt on input line 54.
LaTeX Font Info:    Font shape `JY2/mc/m/n' will be
(Font)              scaled to size 11.54663pt on input line 54.
)
\c@part=\count171
\c@chapter=\count172
\c@section=\count173
\c@subsection=\count174
\c@subsubsection=\count175
\c@paragraph=\count176
\c@subparagraph=\count177
\c@figure=\count178
\c@table=\count179
\abovecaptionskip=\skip47
\belowcaptionskip=\skip48
\bibindent=\dimen150
)
(/usr/share/texlive/texmf-dist/tex/latex/ctex/engine/ctex-engine-uptex.def
File: ctex-engine-uptex.def 2018/01/28 v2.4.12 upTeX adapter (CTEX)
.................................................
. LaTeX info: "xparse/define-command"
. 
. Defining command \CJKfamily with sig. 'm' on line 64.
.................................................

(/usr/share/texlive/texmf-dist/tex/latex/platex-tools/pxeverysel.sty
Package: pxeverysel 2017/03/02 v0.6 Patch to everysel for (u)pLaTeX
)
*************************************************
* ctex warning: "fntef-not-available"
* 
* Functions of `CJKfntef' is not available in upLaTeX.
*************************************************
\ccwd=\dimen151
\l__ctex_ccglue_skip=\skip49
\l__ctex_xkanjiskip_skip=\skip50
)
.................................................
. LaTeX info: "xparse/define-command"
. 
. Defining command \ctexset with sig. '' on line 388.
.................................................
.................................................
. LaTeX info: "xparse/define-command"
. 
. Defining command \CTEXsetup with sig. '+o>{\TrimSpaces }m' on line 394.
.................................................
.................................................
. LaTeX info: "xparse/define-command"
. 
. Defining command \CTEXoptions with sig. '+o' on line 400.
.................................................
.................................................
. LaTeX info: "xparse/define-command"
. 
. Defining command \CTEXsetfont with sig. '' on line 418.
.................................................
.................................................
. LaTeX info: "xparse/define-command"
. 
. Defining command \ziju with sig. 'm' on line 490.
.................................................
\l__ctex_ziju_dim=\dimen152
.................................................
. LaTeX info: "xparse/define-command"
. 
. Defining command \CTEXindent with sig. '' on line 531.
.................................................
.................................................
. LaTeX info: "xparse/define-command"
. 
. Defining command \CTEXnoindent with sig. '' on line 537.
.................................................
 (/usr/share/texlive/texmf-dist/tex/latex/zhnumber/zhnumber.sty
Package: zhnumber 2018/01/28 v2.6 Typesetting numbers with Chinese glyphs
.................................................
. LaTeX info: "xparse/define-command"
. 
. Defining command \zhnumber with sig. '+o+m' on line 50.
.................................................
.................................................
. LaTeX info: "xparse/define-command"
. 
. Defining command \zhnumberwithoptions with sig. '+m+m' on line 57.
.................................................
.................................................
. LaTeX info: "xparse/define-command"
. 
. Defining command \zhnum with sig. '+o+m' on line 111.
.................................................
.................................................
. LaTeX info: "xparse/define-command"
. 
. Defining command \zhnumwithoptions with sig. '+m+m' on line 118.
.................................................
.................................................
. LaTeX info: "xparse/define-command"
. 
. Defining command \zhdig with sig. '+o+m' on line 295.
.................................................
.................................................
. LaTeX info: "xparse/define-command"
. 
. Defining command \zhdigwithoptions with sig. '+m+m' on line 302.
.................................................
.................................................
. LaTeX info: "xparse/define-command"
. 
. Defining command \zhdigits with sig. '+s+o+m' on line 316.
.................................................
.................................................
. LaTeX info: "xparse/define-command"
. 
. Defining command \zhdigitswithoptions with sig. '+m+m+m' on line 323.
.................................................
.................................................
. LaTeX info: "xparse/define-command"
. 
. Defining command \zhdate with sig. '+s+m' on line 382.
.................................................
\l__zhnum_scale_int=\count180
.................................................
. LaTeX info: "xparse/define-command"
. 
. Defining command \zhnumExtendScaleMap with sig. '>{\TrimSpaces }+o+m' on
. line 504.
.................................................
.................................................
. LaTeX info: "xparse/define-command"
. 
. Defining command \zhnumsetup with sig. '+m' on line 934.
.................................................

(/usr/share/texlive/texmf-dist/tex/latex/zhnumber/zhnumber-utf8.cfg
File: zhnumber-utf8.cfg 2018/01/28 v2.6 Chinese numerals with UTF8 encoding
))
.................................................
. LaTeX info: "xparse/define-command"
. 
. Defining command \CTEXnumber with sig. 'mm' on line 554.
.................................................
.................................................
. LaTeX info: "xparse/define-command"
. 
. Defining command \CTEXdigits with sig. 'mm' on line 556.
.................................................
.................................................
. LaTeX info: "xparse/define-command"
. 
. Defining command \ctex_assign_heading_name:nn with sig. 'm>{\SplitArgument
. {\c_one }{,}}+m' on line 681.
.................................................
\l__ctex_heading_skip=\skip51
.................................................
. LaTeX info: "xparse/define-command"
. 
. Defining command \partmark with sig. 'm' on line 728.
.................................................
.................................................
. LaTeX info: "xparse/redefine-command"
. 
. Redefining command \refstepcounter with sig. 'm' on line 1318.
.................................................

(/usr/share/texlive/texmf-dist/tex/latex/ctex/scheme/ctex-scheme-chinese-report
.def
File: ctex-scheme-chinese-report.def 2018/01/28 v2.4.12 Chinese scheme for repo
rt (CTEX)
 (/usr/share/texlive/texmf-dist/tex/latex/ctex/config/ctex-name-utf8.cfg
File: ctex-name-utf8.cfg 2018/01/28 v2.4.12 Caption with encoding UTF8 (CTEX)
))
.................................................
. LaTeX info: "xparse/define-command"
. 
. Defining command \zihao with sig. 'm' on line 1321.
.................................................

(/usr/share/texlive/texmf-dist/tex/latex/ctex/ctex-cs4size.clo
File: ctex-cs4size.clo 2018/01/28 v2.4.12 cs4size option (CTEX)
)
LaTeX Font Info:    Font shape `JT2/mc/m/n' will be
(Font)              scaled to size 8.69243pt on input line 1422.
LaTeX Font Info:    Font shape `JY2/mc/m/n' will be
(Font)              scaled to size 8.69243pt on input line 1422.
LaTeX Font Info:    Font shape `JT2/mc/m/n' will be
(Font)              scaled to size 11.58992pt on input line 1423.
LaTeX Font Info:    Font shape `JY2/mc/m/n' will be
(Font)              scaled to size 11.58992pt on input line 1423.
.................................................
. LaTeX info: "xparse/define-command"
. 
. Defining command \CTeX with sig. '' on line 1425.
.................................................

(/usr/share/texlive/texmf-dist/tex/latex/ctex/fontset/ctex-fontset-fandol.def
File: ctex-fontset-fandol.def 2018/01/28 v2.4.12 Fandol fonts definition (CTEX)

.................................................
. LaTeX info: "xparse/define-command"
. 
. Defining command \songti with sig. '' on line 114.
.................................................
.................................................
. LaTeX info: "xparse/define-command"
. 
. Defining command \heiti with sig. '' on line 115.
.................................................
.................................................
. LaTeX info: "xparse/define-command"
. 
. Defining command \fangsong with sig. '' on line 116.
.................................................
.................................................
. LaTeX info: "xparse/define-command"
. 
. Defining command \kaishu with sig. '' on line 117.
.................................................
)) (/usr/share/texlive/texmf-dist/tex/latex/ctex/config/ctex.cfg
File: ctex.cfg 2018/01/28 v2.4.12 Configuration file (CTEX)
)
(/usr/share/texlive/texmf-dist/tex/latex/geometry/geometry.sty
Package: geometry 2010/09/12 v5.6 Page Geometry

(/usr/share/texlive/texmf-dist/tex/latex/graphics/keyval.sty
Package: keyval 2014/10/28 v1.15 key=value parser (DPC)
\KV@toks@=\toks15
)
(/usr/share/texlive/texmf-dist/tex/generic/oberdiek/ifpdf.sty
Package: ifpdf 2017/03/15 v3.2 Provides the ifpdf switch
)
(/usr/share/texlive/texmf-dist/tex/generic/oberdiek/ifvtex.sty
Package: ifvtex 2016/05/16 v1.6 Detect VTeX and its facilities (HO)
Package ifvtex Info: VTeX not detected.
)
(/usr/share/texlive/texmf-dist/tex/generic/ifxetex/ifxetex.sty
Package: ifxetex 2010/09/12 v0.6 Provides ifxetex conditional
)
\Gm@cnth=\count181
\Gm@cntv=\count182
\c@Gm@tempcnt=\count183
\Gm@bindingoffset=\dimen153
\Gm@wd@mp=\dimen154
\Gm@odd@mp=\dimen155
\Gm@even@mp=\dimen156
\Gm@layoutwidth=\dimen157
\Gm@layoutheight=\dimen158
\Gm@layouthoffset=\dimen159
\Gm@layoutvoffset=\dimen160
\Gm@dimlist=\toks16
)
(/usr/share/texlive/texmf-dist/tex/latex/textgreek/textgreek.sty
Package: textgreek 2011/10/09 v0.7 Greek symbols in text
Package textgreek Info: Loading the definitions for the Greek fontencoding. on 
input line 39.

(/usr/share/texlive/texmf-dist/tex/latex/greek-fontenc/lgrenc.def
File: lgrenc.def 2015/12/07 v0.13.1 LGR Greek font encoding definitions

(/usr/share/texlive/texmf-dist/tex/latex/greek-fontenc/greek-fontenc.def
File: greek-fontenc.def 2015/08/04 v0.13 Common Greek font encoding definitions

))
Package textgreek Info: Loaded fontmap: {eur/*/*}{U/eur/*/*} {phv/*/*}{U/psy/*/
*}. on input line 69.
)
(/usr/share/texmf/tex/latex/lm/lmodern.sty
Package: lmodern 2009/10/30 v1.6 Latin Modern Fonts
LaTeX Font Info:    Overwriting symbol font `operators' in version `normal'
(Font)                  OT1/cmr/m/n --> OT1/lmr/m/n on input line 22.
LaTeX Font Info:    Overwriting symbol font `letters' in version `normal'
(Font)                  OML/cmm/m/it --> OML/lmm/m/it on input line 23.
LaTeX Font Info:    Overwriting symbol font `symbols' in version `normal'
(Font)                  OMS/cmsy/m/n --> OMS/lmsy/m/n on input line 24.
LaTeX Font Info:    Overwriting symbol font `largesymbols' in version `normal'
(Font)                  OMX/cmex/m/n --> OMX/lmex/m/n on input line 25.
LaTeX Font Info:    Overwriting symbol font `operators' in version `bold'
(Font)                  OT1/cmr/bx/n --> OT1/lmr/bx/n on input line 26.
LaTeX Font Info:    Overwriting symbol font `letters' in version `bold'
(Font)                  OML/cmm/b/it --> OML/lmm/b/it on input line 27.
LaTeX Font Info:    Overwriting symbol font `symbols' in version `bold'
(Font)                  OMS/cmsy/b/n --> OMS/lmsy/b/n on input line 28.
LaTeX Font Info:    Overwriting symbol font `largesymbols' in version `bold'
(Font)                  OMX/cmex/m/n --> OMX/lmex/m/n on input line 29.
LaTeX Font Info:    Overwriting math alphabet `\mathbf' in version `normal'
(Font)                  OT1/cmr/bx/n --> OT1/lmr/bx/n on input line 31.
LaTeX Font Info:    Overwriting math alphabet `\mathsf' in version `normal'
(Font)                  OT1/cmss/m/n --> OT1/lmss/m/n on input line 32.
LaTeX Font Info:    Overwriting math alphabet `\mathit' in version `normal'
(Font)                  OT1/cmr/m/it --> OT1/lmr/m/it on input line 33.
LaTeX Font Info:    Overwriting math alphabet `\mathtt' in version `normal'
(Font)                  OT1/cmtt/m/n --> OT1/lmtt/m/n on input line 34.
LaTeX Font Info:    Overwriting math alphabet `\mathbf' in version `bold'
(Font)                  OT1/cmr/bx/n --> OT1/lmr/bx/n on input line 35.
LaTeX Font Info:    Overwriting math alphabet `\mathsf' in version `bold'
(Font)                  OT1/cmss/bx/n --> OT1/lmss/bx/n on input line 36.
LaTeX Font Info:    Overwriting math alphabet `\mathit' in version `bold'
(Font)                  OT1/cmr/bx/it --> OT1/lmr/bx/it on input line 37.
LaTeX Font Info:    Overwriting math alphabet `\mathtt' in version `bold'
(Font)                  OT1/cmtt/m/n --> OT1/lmtt/m/n on input line 38.
)
(/usr/share/texlive/texmf-dist/tex/latex/siunitx/siunitx.sty
Package: siunitx 2017/11/26 v2.7k A comprehensive (SI) units package

(/usr/share/texlive/texmf-dist/tex/latex/amsmath/amstext.sty
Package: amstext 2000/06/29 v2.01 AMS text

(/usr/share/texlive/texmf-dist/tex/latex/amsmath/amsgen.sty
File: amsgen.sty 1999/11/30 v2.0 generic functions
\@emptytoks=\toks17
\ex@=\dimen161
))
(/usr/share/texlive/texmf-dist/tex/latex/tools/array.sty
Package: array 2016/10/06 v2.4d Tabular extension package (FMi)
\col@sep=\dimen162
\extrarowheight=\dimen163
\NC@list=\toks18
\extratabsurround=\skip52
\backup@length=\skip53
)
\l__siunitx_tmp_box=\box59
\l__siunitx_tmp_dim=\dimen164
\l__siunitx_tmp_int=\count184
\l__siunitx_number_mantissa_length_int=\count185
\l__siunitx_number_uncert_length_int=\count186
\l__siunitx_round_int=\count187
\l__siunitx_process_decimal_int=\count188
\l__siunitx_process_uncertainty_int=\count189
\l__siunitx_process_fixed_int=\count190
\l__siunitx_process_integer_min_int=\count191
\l__siunitx_process_precision_int=\count192
\l__siunitx_group_min_int=\count193
\l__siunitx_angle_marker_box=\box60
\l__siunitx_angle_unit_box=\box61
\l__siunitx_angle_marker_dim=\dimen165
\l__siunitx_angle_unit_dim=\dimen166
\l__siunitx_unit_int=\count194
\l__siunitx_unit_denominator_int=\count195
\l__siunitx_unit_numerator_int=\count196
\l__siunitx_unit_prefix_int=\count197
\l__siunitx_unit_prefix_base_int=\count198
\l__siunitx_unit_prefix_gram_int=\count199
\l__siunitx_number_product_int=\count266
\c__siunitx_one_fill_skip=\skip54
\l__siunitx_table_unit_align_skip=\skip55
\l__siunitx_table_exponent_dim=\dimen167
\l__siunitx_table_integer_dim=\dimen168
\l__siunitx_table_mantissa_dim=\dimen169
\l__siunitx_table_marker_dim=\dimen170
\l__siunitx_table_result_dim=\dimen171
\l__siunitx_table_uncert_dim=\dimen172
\l__siunitx_table_fill_pre_dim=\dimen173
\l__siunitx_table_fill_post_dim=\dimen174
\l__siunitx_table_fill_mid_dim=\dimen175
\l__siunitx_table_pre_box=\box62
\l__siunitx_table_post_box=\box63
\l__siunitx_table_mantissa_box=\box64
\l__siunitx_table_result_box=\box65
\l__siunitx_table_number_align_skip=\skip56
\l__siunitx_table_text_align_skip=\skip57
.................................................
. LaTeX info: "xparse/define-command"
. 
. Defining command \DeclareBinaryPrefix with sig. 'mmm' on line 7250.
.................................................
.................................................
. LaTeX info: "xparse/define-command"
. 
. Defining command \DeclareSIPostPower with sig. 'mm' on line 7253.
.................................................
.................................................
. LaTeX info: "xparse/define-command"
. 
. Defining command \DeclareSIPrefix with sig. 'mmm' on line 7256.
.................................................
.................................................
. LaTeX info: "xparse/define-command"
. 
. Defining command \DeclareSIPrePower with sig. 'mm' on line 7259.
.................................................
.................................................
. LaTeX info: "xparse/define-command"
. 
. Defining command \DeclareSIQualifier with sig. 'mm' on line 7262.
.................................................
.................................................
. LaTeX info: "xparse/define-command"
. 
. Defining command \DeclareSIUnit with sig. 'O{}mm' on line 7265.
.................................................
.................................................
. LaTeX info: "xparse/define-command"
. 
. Defining command \DeclareSIUnitWithOptions with sig. 'mmm' on line 7268.
.................................................
.................................................
. LaTeX info: "xparse/define-command"
. 
. Defining command \ang with sig. 'o>{\SplitArgument {2}{;}}m' on line 7283.
.................................................
.................................................
. LaTeX info: "xparse/define-command"
. 
. Defining command \num with sig. 'om' on line 7292.
.................................................
.................................................
. LaTeX info: "xparse/define-command"
. 
. Defining command \numlist with sig. 'o>{\SplitList {;}}m' on line 7301.
.................................................
.................................................
. LaTeX info: "xparse/define-command"
. 
. Defining command \numrange with sig. 'omm' on line 7310.
.................................................
.................................................
. LaTeX info: "xparse/define-command"
. 
. Defining command \SIlist with sig. 'o>{\SplitList {;}}mm' on line 7322.
.................................................
.................................................
. LaTeX info: "xparse/define-command"
. 
. Defining command \SIrange with sig. 'ommm' on line 7334.
.................................................
.................................................
. LaTeX info: "xparse/define-command"
. 
. Defining command \SI with sig. 'omom' on line 7346.
.................................................
.................................................
. LaTeX info: "xparse/define-command"
. 
. Defining command \sisetup with sig. 'm' on line 7349.
.................................................
.................................................
. LaTeX info: "xparse/define-command"
. 
. Defining command \tablenum with sig. 'om' on line 7364.
.................................................
.................................................
. LaTeX info: "xparse/define-command"
. 
. Defining command \si with sig. 'om' on line 7376.
.................................................
.................................................
. LaTeX info: "xparse/define-command"
. 
. Defining command \numInBookmark with sig. 'om' on line 7423.
.................................................
.................................................
. LaTeX info: "xparse/define-command"
. 
. Defining command \numrangeInBookmark with sig. 'omm' on line 7425.
.................................................
.................................................
. LaTeX info: "xparse/define-command"
. 
. Defining command \SIInBookmark with sig. 'omom' on line 7427.
.................................................
.................................................
. LaTeX info: "xparse/define-command"
. 
. Defining command \SIlistInBookmark with sig. 'omm' on line 7429.
.................................................
.................................................
. LaTeX info: "xparse/define-command"
. 
. Defining command \SIrangeInBookmark with sig. 'ommm' on line 7431.
.................................................
.................................................
. LaTeX info: "xparse/define-command"
. 
. Defining command \siInBookmark with sig. 'om' on line 7432.
.................................................

(/usr/share/texlive/texmf-dist/tex/latex/translator/translator.sty
Package: translator 2018/01/04 v1.12 Easy translation of strings in LaTeX
))
(/usr/share/texlive/texmf-dist/tex/latex/musixtex/musixtex.sty
(/usr/share/texlive/texmf-dist/tex/generic/musixtex/musixtex.tex
MusiXTeX(c) 1.27 <2017-12-26>
\n@i=\count267
\n@ii=\count268
\n@iii=\count269
\n@iv=\count270
\n@v=\count271
\n@vi=\count272
\n@vii=\count273
\n@viii=\count274
\count@=\count275
\toks@box=\box66
\w@rkbox=\box67
\n@otebox=\box68
\y@=\dimen176
\y@i=\dimen177
\y@ii=\dimen178
\y@iii=\dimen179
\y@iv=\dimen180
\y@v=\dimen181
\group@no=\count276
\interinstrument=\dimen182
\N@s=\count277
\s@Y=\dimen183
\lin@pos=\dimen184
\meet@minus@n@iv=\count278
\interbeam=\dimen185
\b@amthick=\dimen186
\Interligne=\dimen187
\Internote=\dimen188
\ch@box=\box69
\musicsize=\count279
\qd@skip=\dimen189
\qn@width=\dimen190
\wn@width=\dimen191
\txt@ff=\skip58
\s@indent=\skip59
\big@spc=\skip60
\lthick=\dimen192
\afterruleskip=\skip61
\staffbotmarg=\dimen193
\stafftopmarg=\dimen194
\line@width=\dimen195
\interportee=\dimen196
\noport@@=\count280
\noinstrum@nt=\count281
\altportee=\dimen197
\systemheight=\dimen198
\altplancher=\dimen199
\instrum@in@group=\skip62
\boxitsep=\skip63
\barsinpi@c@=\count282
\barno=\count283
\startbarno=\count284
\sign@skip=\dimen256
\maxsign@skip=\dimen257
\x@skip=\dimen258
\n@skip=\dimen259
\beforeruleskip=\skip64
\widthtyp@=\count285
\lastbarno=\count286
\cut@v=\skip65
\init@volta@pos=\skip66
\volta@startcor=\skip67
\volta@endcor=\skip68
\writ@volta@box=\box70
\barsinlin@=\count287
\maxbarsinlin@=\count288
\lastbarpos=\skip69
\ut@ref=\count289
\meterskip=\skip70
\t@c=\toks19
\clef@skip=\skip71
\noteskip=\dimen260
\transpose=\count290
\normaltranspose=\count291
\locx@skip=\dimen261
\elemskip=\dimen262
\@l@mskip=\dimen263
\inh@alt=\count292
\st@bot=\dimen264
\st@top=\dimen265
\stem@skip=\dimen266
\s@lope=\dimen267
\y@vi=\dimen268
\lift@rest=\dimen269
\accshift=\skip72
\@icresc=\skip73
\pdl@pos=\dimen270
\bigwedgebox=\box71
\@itrillei=\skip74
\@itrilleii=\skip75
\@itrilleiii=\skip76
\@itrilleiv=\skip77
\@itrillev=\skip78
\@itrillevi=\skip79
\tr@number=\count293
\tr@nspose=\count294
\o@swz=\toks20
\o@number=\count295
\y@vii=\dimen271
\y@viii=\dimen272
\y@ix=\dimen273
\tuptxtb@x=\box72
\notes@open=\count296
\k@ii=\skip80
\i@ni=\dimen274
\b@xi=\dimen275
\b@zi=\dimen276
\c@xi=\dimen277
\c@zi=\skip81
\d@xi=\dimen278
\d@zi=\skip82
\e@xi=\dimen279
\e@zi=\skip83
\b@pi=\count297
\b@ni=\count298
\n@pi=\count299
\a@si=\count300
\o@si=\count301
\a@ci=\toks21
\o@ci=\toks22
\m@ti=\toks23
\k@iii=\skip84
\i@nii=\dimen280
\b@xii=\dimen281
\b@zii=\dimen282
\c@xii=\dimen283
\c@zii=\skip85
\d@xii=\dimen284
\d@zii=\skip86
\e@xii=\dimen285
\e@zii=\skip87
\b@pii=\count302
\b@nii=\count303
\n@pii=\count304
\a@sii=\count305
\o@sii=\count306
\a@cii=\toks24
\o@cii=\toks25
\m@tii=\toks26
\k@iiii=\skip88
\i@niii=\dimen286
\b@xiii=\dimen287
\b@ziii=\dimen288
\c@xiii=\dimen289
\c@ziii=\skip89
\d@xiii=\dimen290
\d@ziii=\skip90
\e@xiii=\dimen291
\e@ziii=\skip91
\b@piii=\count307
\b@niii=\count308
\n@piii=\count309
\a@siii=\count310
\o@siii=\count311
\a@ciii=\toks27
\o@ciii=\toks28
\m@tiii=\toks29
\k@iiv=\skip92
\i@niv=\dimen292
\b@xiv=\dimen293
\b@ziv=\dimen294
\c@xiv=\dimen295
\c@ziv=\skip93
\d@xiv=\dimen296
\d@ziv=\skip94
\e@xiv=\dimen297
\e@ziv=\skip95
\b@piv=\count312
\b@niv=\count313
\n@piv=\count314
\a@siv=\count315
\o@siv=\count316
\a@civ=\toks30
\o@civ=\toks31
\m@tiv=\toks32
\k@iv=\skip96
\i@nv=\dimen298
\b@xv=\dimen299
\b@zv=\dimen300
\c@xv=\dimen301
\c@zv=\skip97
\d@xv=\dimen302
\d@zv=\skip98
\e@xv=\dimen303
\e@zv=\skip99
\b@pv=\count317
\b@nv=\count318
\n@pv=\count319
\a@sv=\count320
\o@sv=\count321
\a@cv=\toks33
\o@cv=\toks34
\m@tv=\toks35
\k@ivi=\skip100
\i@nvi=\dimen304
\b@xvi=\dimen305
\b@zvi=\dimen306
\c@xvi=\dimen307
\c@zvi=\skip101
\d@xvi=\dimen308
\d@zvi=\skip102
\e@xvi=\dimen309
\e@zvi=\skip103
\b@pvi=\count322
\b@nvi=\count323
\n@pvi=\count324
\a@svi=\count325
\o@svi=\count326
\a@cvi=\toks36
\o@cvi=\toks37
\m@tvi=\toks38
maxinstruments=6
\f@xi=\dimen310
\f@zi=\skip104
\f@xii=\dimen311
\f@zii=\skip105
\f@xiii=\dimen312
\f@ziii=\skip106
\f@xiv=\dimen313
\f@ziv=\skip107
\f@xv=\dimen314
\f@zv=\skip108
\f@xvi=\dimen315
\f@zvi=\skip109
 max128beams=6
\g@bi=\skip110
\g@hi=\skip111
\g@bii=\skip112
\g@hii=\skip113
\g@biii=\skip114
\g@hiii=\skip115
 maxgroups=3
\s@xi=\dimen316
\s@si=\toks39
\s@Yi=\dimen317
\s@ai=\skip116
\s@yi=\count327
\s@Ni=\count328
\s@zi=\count329
\s@di=\toks40
\s@xii=\dimen318
\s@sii=\toks41
\s@Yii=\dimen319
\s@aii=\skip117
\s@yii=\count330
\s@Nii=\count331
\s@zii=\count332
\s@dii=\toks42
\s@xiii=\dimen320
\s@siii=\toks43
\s@Yiii=\dimen321
\s@aiii=\skip118
\s@yiii=\count333
\s@Niii=\count334
\s@ziii=\count335
\s@diii=\toks44
\s@xiv=\dimen322
\s@siv=\toks45
\s@Yiv=\dimen323
\s@aiv=\skip119
\s@yiv=\count336
\s@Niv=\count337
\s@ziv=\count338
\s@div=\toks46
\s@xv=\dimen324
\s@sv=\toks47
\s@Yv=\dimen325
\s@av=\skip120
\s@yv=\count339
\s@Nv=\count340
\s@zv=\count341
\s@dv=\toks48
\s@xvi=\dimen326
\s@svi=\toks49
\s@Yvi=\dimen327
\s@avi=\skip121
\s@yvi=\count342
\s@Nvi=\count343
\s@zvi=\count344
\s@dvi=\toks50
 maxslurs=6
\tr@xi=\skip122
\tr@swi=\toks51
\tr@yi=\skip123
\tr@xii=\skip124
\tr@swii=\toks52
\tr@yii=\skip125
\tr@xiii=\skip126
\tr@swiii=\toks53
\tr@yiii=\skip127
\tr@xiv=\skip128
\tr@swiv=\toks54
\tr@yiv=\skip129
\tr@xv=\skip130
\tr@swv=\toks55
\tr@yv=\skip131
\tr@xvi=\skip132
\tr@swvi=\toks56
\tr@yvi=\skip133
 maxtrills=6
\o@xi=\skip134
\o@yi=\skip135
\o@swi=\toks57
\o@xii=\skip136
\o@yii=\skip137
\o@swii=\toks58
\o@xiii=\skip138
\o@yiii=\skip139
\o@swiii=\toks59
\o@xiv=\skip140
\o@yiv=\skip141
\o@swiv=\toks60
\o@xv=\skip142
\o@yv=\skip143
\o@swv=\toks61
\o@xvi=\skip144
\o@yvi=\skip145
\o@swvi=\toks62

maxoctlines=6
\outmux=\write3
\mulooseness=\count345
\linegoal=\count346
\l@eftrightbox=\box73
\inmux=\read2
) (/usr/share/texlive/texmf-dist/tex/latex/musixtex/musixltx.tex
MusiXLaTeX T.125 <8 April 2017>
)) (./musixjnp.sty
Package: musixjnp 2018/01/07 LaTeX package for numbered notation
 (/usr/share/texmf/tex/generic/musixjnp/musixjnp.tex
\not@type=\count347
\jpsiz@=\dimen328
\jp@xshift=\dimen329
\jp@yshift=\dimen330
\smallnot@shift=\dimen331
\jpch@rwidth=\dimen332
\jpgrac@width=\dimen333
\ulin@dist=\dimen334
))
(./jpdoc.aux (./frontmatter.aux) (./introduction.aux) (./settingup.aux)
(./preparing.aux))
\openout1 = `jpdoc.aux'.

LaTeX Font Info:    Checking defaults for OML/cmm/m/it on input line 52.
LaTeX Font Info:    ... okay on input line 52.
LaTeX Font Info:    Checking defaults for T1/cmr/m/n on input line 52.
LaTeX Font Info:    ... okay on input line 52.
LaTeX Font Info:    Checking defaults for OT1/cmr/m/n on input line 52.
LaTeX Font Info:    ... okay on input line 52.
LaTeX Font Info:    Checking defaults for OMS/cmsy/m/n on input line 52.
LaTeX Font Info:    ... okay on input line 52.
LaTeX Font Info:    Checking defaults for OMX/cmex/m/n on input line 52.
LaTeX Font Info:    ... okay on input line 52.
LaTeX Font Info:    Checking defaults for U/cmr/m/n on input line 52.
LaTeX Font Info:    ... okay on input line 52.
LaTeX Font Info:    Checking defaults for JY2/mc/m/n on input line 52.
LaTeX Font Info:    ... okay on input line 52.
LaTeX Font Info:    Checking defaults for JT2/mc/m/n on input line 52.
LaTeX Font Info:    ... okay on input line 52.
LaTeX Font Info:    Checking defaults for TS1/cmr/m/n on input line 52.
LaTeX Font Info:    ... okay on input line 52.
LaTeX Font Info:    Checking defaults for LGR/cmr/m/n on input line 52.
LaTeX Font Info:    Try loading font information for LGR+cmr on input line 52.

(/usr/share/texlive/texmf-dist/tex/latex/cbfonts-fd/lgrcmr.fd
File: lgrcmr.fd 2017/07/29 v1.2 Greek European Computer Regular
)
LaTeX Font Info:    ... okay on input line 52.

(I search kanjifont definition file: . . ) (I search font definition file: . .
. . . . . . . )
LaTeX Font Info:    Font shape `JY2/zhsong/m/n' will be
(Font)              scaled to size 11.58992pt on input line 52.
LaTeX Font Info:    Try loading font information for OT1+lmr on input line 52.
 (/usr/share/texmf/tex/latex/lm/ot1lmr.fd
File: ot1lmr.fd 2009/10/30 v1.6 Font defs for Latin Modern
)
ABD: EverySelectfont initializing macros
LaTeX Info: Redefining \selectfont on input line 52.

*geometry* driver: auto-detecting
*geometry* detected driver: dvips
*geometry* verbose mode - [ preamble ] result:
* driver: dvips
* paper: a4paper
* layout: <same size as paper>
* layoutoffset:(h,v)=(0.0pt,0.0pt)
* modes: twoside 
* h-part:(L,W,R)=(85.35826pt, 426.79135pt, 85.35826pt)
* v-part:(T,H,B)=(71.13188pt, 702.78308pt, 71.13188pt)
* \paperwidth=597.50787pt
* \paperheight=845.04684pt
* \textwidth=426.79135pt
* \textheight=702.78308pt
* \oddsidemargin=13.08827pt
* \evensidemargin=13.08827pt
* \topmargin=-38.1381pt
* \headheight=12.0pt
* \headsep=25.0pt
* \topskip=12.0pt
* \footskip=30.0pt
* \marginparwidth=85.0pt
* \marginparsep=10.0pt
* \columnsep=10.0pt
* \skip\footins=10.8pt plus 4.0pt minus 2.0pt
* \hoffset=0.0pt
* \voffset=0.0pt
* \mag=1000
* \@twocolumnfalse
* \@twosidetrue
* \@mparswitchtrue
* \@reversemarginfalse
* (1in=72.27pt=25.4mm, 1cm=28.453pt)


(/usr/share/texlive/texmf-dist/tex/latex/translator/translator-basic-dictionary
-English.dict
Dictionary: translator-basic-dictionary, Language: English 
)
(/usr/share/texlive/texmf-dist/tex/latex/siunitx/siunitx-abbreviations.cfg
File: siunitx-abbreviations.cfg 2017/11/26 v2.7k siunitx: Abbreviated units
)
\c__siunitx_mathsf_int=\count348
LaTeX Font Info:    Try loading font information for OML+lmm on input line 52.

(/usr/share/texmf/tex/latex/lm/omllmm.fd
File: omllmm.fd 2009/10/30 v1.6 Font defs for Latin Modern
)
LaTeX Font Info:    Try loading font information for OMS+lmsy on input line 52.


(/usr/share/texmf/tex/latex/lm/omslmsy.fd
File: omslmsy.fd 2009/10/30 v1.6 Font defs for Latin Modern
)
LaTeX Font Info:    Try loading font information for OMX+lmex on input line 52.


(/usr/share/texmf/tex/latex/lm/omxlmex.fd
File: omxlmex.fd 2009/10/30 v1.6 Font defs for Latin Modern
)
LaTeX Font Info:    External font `lmex10' loaded for size
(Font)              <12.045> on input line 52.
LaTeX Font Info:    External font `lmex10' loaded for size
(Font)              <8> on input line 52.
LaTeX Font Info:    External font `lmex10' loaded for size
(Font)              <6> on input line 52.
LaTeX Font Info:    Try loading font information for OT1+lmss on input line 52.


(/usr/share/texmf/tex/latex/lm/ot1lmss.fd
File: ot1lmss.fd 2009/10/30 v1.6 Font defs for Latin Modern
)
\c__siunitx_mathtt_int=\count349
LaTeX Font Info:    Try loading font information for OT1+lmtt on input line 52.


(/usr/share/texmf/tex/latex/lm/ot1lmtt.fd
File: ot1lmtt.fd 2009/10/30 v1.6 Font defs for Latin Modern
)
\openout3 = `jpdoc.mx1'.

\openout2 = `frontmatter.aux'.

 (./frontmatter.tex
LaTeX Font Info:    Font shape `JY2/zhsong/m/n' will be
(Font)              scaled to size 25.1115pt on input line 3.
LaTeX Font Info:    Font shape `JY2/zhsong/bx/n' will be
(Font)              scaled to size 25.1115pt on input line 3.

(I search kanjifont definition file: . . )
LaTeX Font Info:    Font shape `JY2/zhhei/bx/n' will be
(Font)              scaled to size 25.1115pt on input line 3.
LaTeX Font Info:    Font shape `JY2/zhsong/bx/n' will be
(Font)              scaled to size 21.24818pt on input line 4.
LaTeX Font Info:    Font shape `JY2/zhsong/bx/n' will be
(Font)              scaled to size 17.38487pt on input line 5.


LaTeX Font Warning: Font shape `JT2/zhsong/bx/it' undefined
(Font)              using `JT2/zhsong/bx/n' instead on input line 5.


LaTeX Font Warning: Font shape `JY2/zhsong/bx/it' undefined
(Font)              using `JY2/zhsong/bx/n' instead on input line 5.

LaTeX Font Info:    Font shape `JY2/zhsong/bx/it' will be
(Font)              scaled to size 17.38487pt on input line 5.
LaTeX Font Info:    Try loading font information for LGR+lmr on input line 5.
(/usr/share/texlive/texmf-dist/tex/latex/cbfonts-fd/lgrlmr.fd
File: lgrlmr.fd 2017/07/29 v1.2 Scalable Greek Latin Modern Regular
)
LaTeX Font Info:    Font shape `JY2/zhsong/m/n' will be
(Font)              scaled to size 14.4874pt on input line 7.
LaTeX Font Info:    External font `lmex10' loaded for size
(Font)              <15.05624> on input line 9.
LaTeX Font Info:    External font `lmex10' loaded for size
(Font)              <9.03374> on input line 9.
LaTeX Font Info:    Font shape `JY2/zhsong/m/n' will be
(Font)              scaled to size 17.38487pt on input line 10.
LaTeX Font Info:    Font shape `JY2/zhfs/m/n' will be
(Font)              scaled to size 11.58992pt on input line 19.
 [1


]
LaTeX Font Info:    Font shape `JY2/zhhei/m/n' will be
(Font)              scaled to size 11.58992pt on input line 44.

(I search kanjifont definition file: . . )
LaTeX Font Info:    Font shape `JY2/zhfs/m/n' will be
(Font)              scaled to size 7.69775pt on input line 47.


LaTeX Font Warning: Font shape `JT2/zhsong/m/sl' undefined
(Font)              using `JT2/zhsong/m/n' instead on input line 50.

LaTeX Font Info:    Font shape `JY2/zhsong/m/sl' will be
(Font)              scaled to size 11.58992pt on input line 50.
[2

]
LaTeX Font Info:    Font shape `JY2/zhsong/m/n' will be
(Font)              scaled to size 23.17986pt on input line 52.
LaTeX Font Info:    Font shape `JY2/zhsong/bx/n' will be
(Font)              scaled to size 23.17986pt on input line 52.
LaTeX Font Info:    Font shape `JY2/zhsong/bx/n' will be
(Font)              scaled to size 11.58992pt on input line 57.
 [3


] (./jpdoc.toc
LaTeX Font Info:    Font shape `JY2/zhhei/bx/n' will be
(Font)              scaled to size 11.58992pt on input line 3.
 [4


])
\tf@toc=\write4
\openout4 = `jpdoc.toc'.

 [5])
\openout2 = `introduction.aux'.

 (./introduction.tex
第一章
LaTeX Font Info:    Font shape `JY2/zhhei/bx/n' will be
(Font)              scaled to size 23.17986pt on input line 1.
LaTeX Font Info:    Font shape `JY2/zhsong/m/n' will be
(Font)              scaled to size 7.69775pt on input line 11.
LaTeX Font Info:    Font shape `JY2/zhsong/bx/n' will be
(Font)              scaled to size 14.4874pt on input line 15.
LaTeX Font Info:    Font shape `JY2/zhsong/m/n' will be
(Font)              scaled to size 10.14117pt on input line 19.
LaTeX Font Info:    External font `lmex10' loaded for size
(Font)              <10.53937> on input line 23.
LaTeX Font Info:    External font `lmex10' loaded for size
(Font)              <7> on input line 23.
LaTeX Font Info:    External font `lmex10' loaded for size
(Font)              <5> on input line 23.
LaTeX Font Info:    Font shape `JY2/zhsong/m/n' will be
(Font)              scaled to size 8.69243pt on input line 35.
LaTeX Font Info:    Font shape `JY2/zhsong/m/n' will be
(Font)              scaled to size 5.77332pt on input line 35.
LaTeX Font Info:    Font shape `JY2/zhfs/m/n' will be
(Font)              scaled to size 8.69243pt on input line 35.
[1




]
LaTeX Font Info:    Try loading font information for OMS+lmr on input line 53.
 (/usr/share/texmf/tex/latex/lm/omslmr.fd
File: omslmr.fd 2009/10/30 v1.6 Font defs for Latin Modern
)
LaTeX Font Info:    Font shape `OMS/lmr/m/n' in size <12.045> not available
(Font)              Font shape `OMS/lmsy/m/n' tried instead on input line 53.


LaTeX Font Warning: Font shape `JT2/zhhei/m/sl' undefined
(Font)              using `JT2/zhhei/m/n' instead on input line 77.


LaTeX Font Warning: Font shape `JY2/zhhei/m/sl' undefined
(Font)              using `JY2/zhhei/m/n' instead on input line 77.

[2] bar 1 bar 2 bar 3 bar 4
LaTeX Font Info:    Font shape `JY2/zhsong/m/n' will be
(Font)              scaled to size 9.6222pt on input line 112.
LaTeX Font Info:    Font shape `JY2/zhfs/m/n' will be
(Font)              scaled to size 9.6222pt on input line 113.
 [3]

LaTeX Font Warning: Font shape `JT2/zhsong/m/sc' undefined
(Font)              using `JT2/zhsong/m/n' instead on input line 151.


LaTeX Font Warning: Font shape `JY2/zhsong/m/sc' undefined
(Font)              using `JY2/zhsong/m/n' instead on input line 151.

bar 1 bar 2 bar 3 bar 4 bar 5 bar 6 bar 7 bar 8 bar 9 bar 10 bar 11 bar 12
bar 13 bar 14 bar 15 bar 16
LaTeX Font Info:    Font shape `JY2/zhhei/m/sl' will be
(Font)              scaled to size 11.58992pt on input line 211.
 [4] bar 1 bar 2 bar 3 bar 4 bar 5 bar 6 bar 7
bar 8 bar 9 bar 10 bar 11 bar 12 bar 13 bar 14 bar 15 bar 16 [5] bar 1 bar 2
bar 3 bar 4 bar 5 bar 6 bar 7 bar 8 bar 9 bar 10 bar 11 bar 12 bar 13 bar 14
bar 15 bar 16 bar 1 bar 2 bar 3 bar 4 bar 5 bar 6 bar 7 bar 8 bar 9 bar 10
bar 11 bar 12 [6] bar 13 bar 14 bar 15 bar 16
LaTeX Font Info:    Font shape `JY2/zhsong/bx/n' will be
(Font)              scaled to size 8.69243pt on input line 408.


LaTeX Font Warning: Font shape `JT2/zhfs/bx/n' undefined
(Font)              using `JT2/zhfs/m/n' instead on input line 412.


LaTeX Font Warning: Font shape `JY2/zhfs/bx/n' undefined
(Font)              using `JY2/zhfs/m/n' instead on input line 412.

LaTeX Font Info:    Font shape `JY2/zhfs/m/n' will be
(Font)              scaled to size 14.4874pt on input line 412.
LaTeX Font Info:    Font shape `OT1/lmtt/bx/n' in size <15.05624> not available

(Font)              Font shape `OT1/lmtt/b/n' tried instead on input line 412.
[7]

LaTeX Warning: Reference `parts' on page 8 undefined on input line 435.

) [8]
\openout2 = `settingup.aux'.

 (./settingup.tex
第二章
[9



]) [10]
\openout2 = `preparing.aux'.

 (./preparing.tex
第三章
LaTeX Font Info:    Font shape `JY2/zhfs/m/n' will be
(Font)              scaled to size 10.14117pt on input line 20.
) [11



] (./jpdoc.aux (./frontmatter.aux) (./introduction.aux) (./settingup.aux)
(./preparing.aux))

LaTeX Font Warning: Some font shapes were not available, defaults substituted.


LaTeX Warning: There were undefined references.

 ) 
Here is how much of TeX's memory you used:
 17080 strings out of 494182
 346801 string characters out of 6168614
 340486 words of memory out of 5000000
 20328 multiletter control sequences out of 15000+600000
 686696 words of font info for 297 fonts, out of 8000000 for 9000
 725 hyphenation exceptions out of 8191
 42i,13n,56p,10459b,736s stack positions out of 5000i,500n,10000p,200000b,80000s

Output written on jpdoc.dvi (16 pages, 49996 bytes).
